"Users/Shared/config.lon",
"Users/Shared/Libraries/liblon.lua",
"Users/Shared/Libraries/liburf.lua",
"Users/Shared/Libraries/xml.lua",
"Fuchas/Libraries/sha256.lua",
"Fuchas/Libraries/Concert/wins.lua",
"Fuchas/Libraries/shinamp.lua",
"Fuchas/Libraries/OCX/Image.lua",
"Fuchas/Libraries/OCX/OCDraw.lua",
"Fuchas/Libraries/OCX/OCUI.lua",
"Fuchas/Libraries/network.lua",
"Fuchas/Binaries/cd.lua",
"Fuchas/Binaries/dir.lua",
"Fuchas/Binaries/hello.lua",
"Fuchas/Binaries/kill.lua",
"Fuchas/Binaries/pl.lua",
"Fuchas/Binaries/reboot.lua",
"Fuchas/Binaries/pipboys.lua",
"Fuchas/Interfaces/login.lua",
"Fuchas/Interfaces/Fushell/main.lua",
"Fuchas/Interfaces/Concert/main.lua",
"Fuchas/Filesystems/ocfs.lua",
"Fuchas/Drivers/compsound.lua",
"Fuchas/Drivers/pcspeaker.lua",
"Fuchas/Drivers/Network/modem.lua",
"Fuchas/Drivers/Network/internet.lua"